{"/Users/rich/Desktop/capstone/backend/SwitchIt-backend/app.js": {"path":"/Users/rich/Desktop/capstone/backend/SwitchIt-backend/app.js","statementMap":{"0":{"start":{"line":1,"column":16},"end":{"line":1,"column":34}},"1":{"start":{"line":2,"column":12},"end":{"line":2,"column":21}},"2":{"start":{"line":3,"column":19},"end":{"line":3,"column":41}},"3":{"start":{"line":4,"column":13},"end":{"line":4,"column":28}},"4":{"start":{"line":8,"column":22},"end":{"line":8,"column":49}},"5":{"start":{"line":12,"column":0},"end":{"line":12,"column":16}},"6":{"start":{"line":15,"column":0},"end":{"line":15,"column":51}},"7":{"start":{"line":17,"column":0},"end":{"line":17,"column":26}},"8":{"start":{"line":21,"column":0},"end":{"line":21,"column":35}},"9":{"start":{"line":24,"column":0},"end":{"line":26,"column":3}},"10":{"start":{"line":25,"column":2},"end":{"line":25,"column":48}},"11":{"start":{"line":32,"column":0},"end":{"line":34,"column":2}},"12":{"start":{"line":33,"column":2},"end":{"line":33,"column":26}},"13":{"start":{"line":36,"column":0},"end":{"line":36,"column":20}}},"fnMap":{"0":{"name":"(anonymous_0)","decl":{"start":{"line":24,"column":8},"end":{"line":24,"column":9}},"loc":{"start":{"line":24,"column":33},"end":{"line":26,"column":1}},"line":24},"1":{"name":"(anonymous_1)","decl":{"start":{"line":32,"column":13},"end":{"line":32,"column":14}},"loc":{"start":{"line":32,"column":27},"end":{"line":34,"column":1}},"line":32}},"branchMap":{},"s":{"0":1,"1":1,"2":1,"3":1,"4":1,"5":1,"6":1,"7":1,"8":1,"9":1,"10":0,"11":1,"12":2,"13":1},"f":{"0":0,"1":2},"b":{},"_coverageSchema":"43e27e138ebf9cfc5966b082cf9a028302ed4184","hash":"5e104b460caacdcb20aabaf740e630716de0c6a2"}
,"/Users/rich/Desktop/capstone/backend/SwitchIt-backend/routes/clothes.js": {"path":"/Users/rich/Desktop/capstone/backend/SwitchIt-backend/routes/clothes.js","statementMap":{"0":{"start":{"line":1,"column":14},"end":{"line":1,"column":32}},"1":{"start":{"line":2,"column":20},"end":{"line":2,"column":36}},"2":{"start":{"line":3,"column":23},"end":{"line":3,"column":56}},"3":{"start":{"line":8,"column":0},"end":{"line":16,"column":3}},"4":{"start":{"line":9,"column":2},"end":{"line":15,"column":6}},"5":{"start":{"line":11,"column":6},"end":{"line":11,"column":21}},"6":{"start":{"line":14,"column":6},"end":{"line":14,"column":16}},"7":{"start":{"line":19,"column":0},"end":{"line":29,"column":3}},"8":{"start":{"line":20,"column":56},"end":{"line":20,"column":64}},"9":{"start":{"line":21,"column":2},"end":{"line":28,"column":6}},"10":{"start":{"line":23,"column":6},"end":{"line":23,"column":54}},"11":{"start":{"line":26,"column":8},"end":{"line":26,"column":24}},"12":{"start":{"line":27,"column":6},"end":{"line":27,"column":16}},"13":{"start":{"line":77,"column":0},"end":{"line":77,"column":29}}},"fnMap":{"0":{"name":"(anonymous_0)","decl":{"start":{"line":8,"column":23},"end":{"line":8,"column":24}},"loc":{"start":{"line":8,"column":43},"end":{"line":16,"column":1}},"line":8},"1":{"name":"(anonymous_1)","decl":{"start":{"line":10,"column":10},"end":{"line":10,"column":11}},"loc":{"start":{"line":10,"column":18},"end":{"line":12,"column":5}},"line":10},"2":{"name":"(anonymous_2)","decl":{"start":{"line":13,"column":11},"end":{"line":13,"column":12}},"loc":{"start":{"line":13,"column":18},"end":{"line":15,"column":5}},"line":13},"3":{"name":"(anonymous_3)","decl":{"start":{"line":19,"column":24},"end":{"line":19,"column":25}},"loc":{"start":{"line":19,"column":44},"end":{"line":29,"column":1}},"line":19},"4":{"name":"(anonymous_4)","decl":{"start":{"line":22,"column":10},"end":{"line":22,"column":11}},"loc":{"start":{"line":22,"column":18},"end":{"line":24,"column":5}},"line":22},"5":{"name":"(anonymous_5)","decl":{"start":{"line":25,"column":11},"end":{"line":25,"column":12}},"loc":{"start":{"line":25,"column":18},"end":{"line":28,"column":5}},"line":25}},"branchMap":{},"s":{"0":1,"1":1,"2":1,"3":1,"4":2,"5":1,"6":1,"7":1,"8":0,"9":0,"10":0,"11":0,"12":0,"13":1},"f":{"0":2,"1":1,"2":1,"3":0,"4":0,"5":0},"b":{},"_coverageSchema":"43e27e138ebf9cfc5966b082cf9a028302ed4184","hash":"03d19e2ccce44dd539ab19b72c25c749bff8b736"}
,"/Users/rich/Desktop/capstone/backend/SwitchIt-backend/services/dbConnect.js": {"path":"/Users/rich/Desktop/capstone/backend/SwitchIt-backend/services/dbConnect.js","statementMap":{"0":{"start":{"line":1,"column":12},"end":{"line":1,"column":37}},"1":{"start":{"line":2,"column":11},"end":{"line":2,"column":75}},"2":{"start":{"line":5,"column":0},"end":{"line":7,"column":1}}},"fnMap":{},"branchMap":{"0":{"loc":{"start":{"line":2,"column":15},"end":{"line":2,"column":74}},"type":"binary-expr","locations":[{"start":{"line":2,"column":15},"end":{"line":2,"column":39}},{"start":{"line":2,"column":43},"end":{"line":2,"column":74}}],"line":2}},"s":{"0":1,"1":1,"2":1},"f":{},"b":{"0":[1,1]},"_coverageSchema":"43e27e138ebf9cfc5966b082cf9a028302ed4184","hash":"e7208d8779f8fb06726215e61cf5bfd0a3cbf0be"}
,"/Users/rich/Desktop/capstone/backend/SwitchIt-backend/services/uploadpics.js": {"path":"/Users/rich/Desktop/capstone/backend/SwitchIt-backend/services/uploadpics.js","statementMap":{"0":{"start":{"line":1,"column":13},"end":{"line":1,"column":35}},"1":{"start":{"line":2,"column":25},"end":{"line":2,"column":27}},"2":{"start":{"line":6,"column":0},"end":{"line":10,"column":1}},"3":{"start":{"line":7,"column":14},"end":{"line":8,"column":15}},"4":{"start":{"line":9,"column":2},"end":{"line":9,"column":25}},"5":{"start":{"line":14,"column":0},"end":{"line":17,"column":1}},"6":{"start":{"line":15,"column":14},"end":{"line":15,"column":154}},"7":{"start":{"line":16,"column":2},"end":{"line":16,"column":69}},"8":{"start":{"line":21,"column":0},"end":{"line":26,"column":1}},"9":{"start":{"line":22,"column":14},"end":{"line":24,"column":28}},"10":{"start":{"line":25,"column":2},"end":{"line":25,"column":25}},"11":{"start":{"line":28,"column":0},"end":{"line":33,"column":1}},"12":{"start":{"line":29,"column":14},"end":{"line":31,"column":25}},"13":{"start":{"line":32,"column":2},"end":{"line":32,"column":25}},"14":{"start":{"line":35,"column":0},"end":{"line":40,"column":1}},"15":{"start":{"line":36,"column":14},"end":{"line":38,"column":25}},"16":{"start":{"line":39,"column":2},"end":{"line":39,"column":25}},"17":{"start":{"line":42,"column":0},"end":{"line":47,"column":1}},"18":{"start":{"line":43,"column":14},"end":{"line":45,"column":26}},"19":{"start":{"line":46,"column":2},"end":{"line":46,"column":25}},"20":{"start":{"line":52,"column":0},"end":{"line":58,"column":1}},"21":{"start":{"line":53,"column":14},"end":{"line":56,"column":17}},"22":{"start":{"line":57,"column":2},"end":{"line":57,"column":33}},"23":{"start":{"line":62,"column":0},"end":{"line":62,"column":34}}},"fnMap":{"0":{"name":"(anonymous_0)","decl":{"start":{"line":6,"column":29},"end":{"line":6,"column":30}},"loc":{"start":{"line":6,"column":35},"end":{"line":10,"column":1}},"line":6},"1":{"name":"(anonymous_1)","decl":{"start":{"line":14,"column":26},"end":{"line":14,"column":27}},"loc":{"start":{"line":14,"column":75},"end":{"line":17,"column":1}},"line":14},"2":{"name":"(anonymous_2)","decl":{"start":{"line":21,"column":33},"end":{"line":21,"column":34}},"loc":{"start":{"line":21,"column":39},"end":{"line":26,"column":1}},"line":21},"3":{"name":"(anonymous_3)","decl":{"start":{"line":28,"column":30},"end":{"line":28,"column":31}},"loc":{"start":{"line":28,"column":36},"end":{"line":33,"column":1}},"line":28},"4":{"name":"(anonymous_4)","decl":{"start":{"line":35,"column":30},"end":{"line":35,"column":31}},"loc":{"start":{"line":35,"column":36},"end":{"line":40,"column":1}},"line":35},"5":{"name":"(anonymous_5)","decl":{"start":{"line":42,"column":31},"end":{"line":42,"column":32}},"loc":{"start":{"line":42,"column":37},"end":{"line":47,"column":1}},"line":42},"6":{"name":"(anonymous_6)","decl":{"start":{"line":52,"column":42},"end":{"line":52,"column":43}},"loc":{"start":{"line":52,"column":56},"end":{"line":58,"column":1}},"line":52}},"branchMap":{},"s":{"0":1,"1":1,"2":1,"3":0,"4":0,"5":1,"6":0,"7":0,"8":1,"9":0,"10":0,"11":1,"12":0,"13":0,"14":1,"15":0,"16":0,"17":1,"18":0,"19":0,"20":1,"21":0,"22":0,"23":1},"f":{"0":0,"1":0,"2":0,"3":0,"4":0,"5":0,"6":0},"b":{},"_coverageSchema":"43e27e138ebf9cfc5966b082cf9a028302ed4184","hash":"e12ed44eccc3a096c35a4e3c456ce2ff86393756"}
}
