TN:
SF:/Users/rich/Desktop/capstone/backend/SwitchIt-backend/app.js
FN:24,(anonymous_0)
FN:32,(anonymous_1)
FNF:2
FNH:1
FNDA:0,(anonymous_0)
FNDA:2,(anonymous_1)
DA:1,1
DA:2,1
DA:3,1
DA:4,1
DA:8,1
DA:12,1
DA:15,1
DA:17,1
DA:21,1
DA:24,1
DA:25,0
DA:32,1
DA:33,2
DA:36,1
LF:14
LH:13
BRF:0
BRH:0
end_of_record
TN:
SF:/Users/rich/Desktop/capstone/backend/SwitchIt-backend/routes/clothes.js
FN:8,(anonymous_0)
FN:10,(anonymous_1)
FN:13,(anonymous_2)
FN:19,(anonymous_3)
FN:22,(anonymous_4)
FN:25,(anonymous_5)
FNF:6
FNH:3
FNDA:2,(anonymous_0)
FNDA:1,(anonymous_1)
FNDA:1,(anonymous_2)
FNDA:0,(anonymous_3)
FNDA:0,(anonymous_4)
FNDA:0,(anonymous_5)
DA:1,1
DA:2,1
DA:3,1
DA:8,1
DA:9,2
DA:11,1
DA:14,1
DA:19,1
DA:20,0
DA:21,0
DA:23,0
DA:26,0
DA:27,0
DA:77,1
LF:14
LH:9
BRF:0
BRH:0
end_of_record
TN:
SF:/Users/rich/Desktop/capstone/backend/SwitchIt-backend/services/dbConnect.js
FNF:0
FNH:0
DA:1,1
DA:2,1
DA:5,1
LF:3
LH:3
BRDA:2,0,0,1
BRDA:2,0,1,1
BRF:2
BRH:2
end_of_record
TN:
SF:/Users/rich/Desktop/capstone/backend/SwitchIt-backend/services/uploadpics.js
FN:6,(anonymous_0)
FN:14,(anonymous_1)
FN:21,(anonymous_2)
FN:28,(anonymous_3)
FN:35,(anonymous_4)
FN:42,(anonymous_5)
FN:52,(anonymous_6)
FNF:7
FNH:0
FNDA:0,(anonymous_0)
FNDA:0,(anonymous_1)
FNDA:0,(anonymous_2)
FNDA:0,(anonymous_3)
FNDA:0,(anonymous_4)
FNDA:0,(anonymous_5)
FNDA:0,(anonymous_6)
DA:1,1
DA:2,1
DA:6,1
DA:7,0
DA:9,0
DA:14,1
DA:15,0
DA:16,0
DA:21,1
DA:22,0
DA:25,0
DA:28,1
DA:29,0
DA:32,0
DA:35,1
DA:36,0
DA:39,0
DA:42,1
DA:43,0
DA:46,0
DA:52,1
DA:53,0
DA:57,0
DA:62,1
LF:24
LH:10
BRF:0
BRH:0
end_of_record
